Performing C SOURCE FILE Test CMAKE_HAVE_LIBC_PTHREAD failed with the following output:
Change Dir: /home/hexh/simulation/ChnsRoot/buildChns/CMakeFiles/CMakeTmp

Run Build Command(s):/usr/bin/make cmTC_e94d2/fast && /usr/bin/make  -f CMakeFiles/cmTC_e94d2.dir/build.make CMakeFiles/cmTC_e94d2.dir/build
make[1]: Entering directory '/home/hexh/simulation/ChnsRoot/buildChns/CMakeFiles/CMakeTmp'
Building C object CMakeFiles/cmTC_e94d2.dir/src.c.o
/usr/bin/cc   -DCMAKE_HAVE_LIBC_PTHREAD -o CMakeFiles/cmTC_e94d2.dir/src.c.o -c /home/hexh/simulation/ChnsRoot/buildChns/CMakeFiles/CMakeTmp/src.c
Linking C executable cmTC_e94d2
/home/eicc/software/cmake/bin/cmake -E cmake_link_script CMakeFiles/cmTC_e94d2.dir/link.txt --verbose=1
/usr/bin/cc  -DCMAKE_HAVE_LIBC_PTHREAD CMakeFiles/cmTC_e94d2.dir/src.c.o -o cmTC_e94d2 
CMakeFiles/cmTC_e94d2.dir/src.c.o: In function `main':
src.c:(.text+0x3e): undefined reference to `pthread_create'
src.c:(.text+0x4a): undefined reference to `pthread_detach'
src.c:(.text+0x56): undefined reference to `pthread_cancel'
src.c:(.text+0x67): undefined reference to `pthread_join'
src.c:(.text+0x7b): undefined reference to `pthread_atfork'
collect2: error: ld returned 1 exit status
CMakeFiles/cmTC_e94d2.dir/build.make:105: recipe for target 'cmTC_e94d2' failed
make[1]: *** [cmTC_e94d2] Error 1
make[1]: Leaving directory '/home/hexh/simulation/ChnsRoot/buildChns/CMakeFiles/CMakeTmp'
Makefile:140: recipe for target 'cmTC_e94d2/fast' failed
make: *** [cmTC_e94d2/fast] Error 2


Source file was:
#include <pthread.h>

void* test_func(void* data)
{
  return data;
}

int main(void)
{
  pthread_t thread;
  pthread_create(&thread, NULL, test_func, NULL);
  pthread_detach(thread);
  pthread_cancel(thread);
  pthread_join(thread, NULL);
  pthread_atfork(NULL, NULL, NULL);
  pthread_exit(NULL);

  return 0;
}

Determining if the function pthread_create exists in the pthreads failed with the following output:
Change Dir: /home/hexh/simulation/ChnsRoot/buildChns/CMakeFiles/CMakeTmp

Run Build Command(s):/usr/bin/make cmTC_b7d9b/fast && /usr/bin/make  -f CMakeFiles/cmTC_b7d9b.dir/build.make CMakeFiles/cmTC_b7d9b.dir/build
make[1]: Entering directory '/home/hexh/simulation/ChnsRoot/buildChns/CMakeFiles/CMakeTmp'
Building C object CMakeFiles/cmTC_b7d9b.dir/CheckFunctionExists.c.o
/usr/bin/cc   -DCHECK_FUNCTION_EXISTS=pthread_create -o CMakeFiles/cmTC_b7d9b.dir/CheckFunctionExists.c.o -c /home/eicc/software/cmake/share/cmake-3.18/Modules/CheckFunctionExists.c
Linking C executable cmTC_b7d9b
/home/eicc/software/cmake/bin/cmake -E cmake_link_script CMakeFiles/cmTC_b7d9b.dir/link.txt --verbose=1
/usr/bin/cc  -DCHECK_FUNCTION_EXISTS=pthread_create CMakeFiles/cmTC_b7d9b.dir/CheckFunctionExists.c.o -o cmTC_b7d9b  -lpthreads 
/usr/bin/ld: cannot find -lpthreads
collect2: error: ld returned 1 exit status
CMakeFiles/cmTC_b7d9b.dir/build.make:105: recipe for target 'cmTC_b7d9b' failed
make[1]: *** [cmTC_b7d9b] Error 1
make[1]: Leaving directory '/home/hexh/simulation/ChnsRoot/buildChns/CMakeFiles/CMakeTmp'
Makefile:140: recipe for target 'cmTC_b7d9b/fast' failed
make: *** [cmTC_b7d9b/fast] Error 2



